2015/10/02 11:15:46 [error] [php] Trying to get property of non-object (C:\xampp\htdocs\Emsystem\ftrs\protected\views\site\index.php:5)
Stack trace:
#0 C:\xampp\htdocs\Emsystem\yii\framework\web\CController.php(869): SiteController->renderFile()
#1 C:\xampp\htdocs\Emsystem\yii\framework\web\CController.php(782): SiteController->renderPartial()
#2 C:\xampp\htdocs\Emsystem\ftrs\protected\controllers\SiteController.php(32): SiteController->render()
#3 C:\xampp\htdocs\Emsystem\yii\framework\web\actions\CInlineAction.php(49): SiteController->actionIndex()
#4 C:\xampp\htdocs\Emsystem\yii\framework\web\CController.php(308): CInlineAction->runWithParams()
#5 C:\xampp\htdocs\Emsystem\yii\framework\web\CController.php(286): SiteController->runAction()
#6 C:\xampp\htdocs\Emsystem\yii\framework\web\CController.php(265): SiteController->runActionWithFilters()
#7 C:\xampp\htdocs\Emsystem\yii\framework\web\CWebApplication.php(282): SiteController->run()
#8 C:\xampp\htdocs\Emsystem\yii\framework\web\CWebApplication.php(141): CWebApplication->runController()
#9 C:\xampp\htdocs\Emsystem\yii\framework\base\CApplication.php(184): CWebApplication->processRequest()
#10 C:\xampp\htdocs\Emsystem\ftrs\index.php(13): CWebApplication->run()
REQUEST_URI=/emsystem/ftrs/index.php
in C:\xampp\htdocs\Emsystem\ftrs\protected\views\site\index.php (5)
in C:\xampp\htdocs\Emsystem\ftrs\protected\controllers\SiteController.php (32)
in C:\xampp\htdocs\Emsystem\ftrs\index.php (13)
2015/10/02 11:16:34 [error] [php] Trying to get property of non-object (C:\xampp\htdocs\Emsystem\ftrs\protected\views\site\index.php:5)
Stack trace:
#0 C:\xampp\htdocs\Emsystem\yii\framework\web\CController.php(869): SiteController->renderFile()
#1 C:\xampp\htdocs\Emsystem\yii\framework\web\CController.php(782): SiteController->renderPartial()
#2 C:\xampp\htdocs\Emsystem\ftrs\protected\controllers\SiteController.php(32): SiteController->render()
#3 C:\xampp\htdocs\Emsystem\yii\framework\web\actions\CInlineAction.php(49): SiteController->actionIndex()
#4 C:\xampp\htdocs\Emsystem\yii\framework\web\CController.php(308): CInlineAction->runWithParams()
#5 C:\xampp\htdocs\Emsystem\yii\framework\web\CController.php(286): SiteController->runAction()
#6 C:\xampp\htdocs\Emsystem\yii\framework\web\CController.php(265): SiteController->runActionWithFilters()
#7 C:\xampp\htdocs\Emsystem\yii\framework\web\CWebApplication.php(282): SiteController->run()
#8 C:\xampp\htdocs\Emsystem\yii\framework\web\CWebApplication.php(141): CWebApplication->runController()
#9 C:\xampp\htdocs\Emsystem\yii\framework\base\CApplication.php(184): CWebApplication->processRequest()
#10 C:\xampp\htdocs\Emsystem\ftrs\index.php(13): CWebApplication->run()
REQUEST_URI=/emsystem/ftrs/index.php
in C:\xampp\htdocs\Emsystem\ftrs\protected\views\site\index.php (5)
in C:\xampp\htdocs\Emsystem\ftrs\protected\controllers\SiteController.php (32)
in C:\xampp\htdocs\Emsystem\ftrs\index.php (13)
2015/10/02 11:17:10 [error] [php] Trying to get property of non-object (C:\xampp\htdocs\Emsystem\ftrs\protected\views\site\index.php:5)
Stack trace:
#0 C:\xampp\htdocs\Emsystem\yii\framework\web\CController.php(869): SiteController->renderFile()
#1 C:\xampp\htdocs\Emsystem\yii\framework\web\CController.php(782): SiteController->renderPartial()
#2 C:\xampp\htdocs\Emsystem\ftrs\protected\controllers\SiteController.php(32): SiteController->render()
#3 C:\xampp\htdocs\Emsystem\yii\framework\web\actions\CInlineAction.php(49): SiteController->actionIndex()
#4 C:\xampp\htdocs\Emsystem\yii\framework\web\CController.php(308): CInlineAction->runWithParams()
#5 C:\xampp\htdocs\Emsystem\yii\framework\web\CController.php(286): SiteController->runAction()
#6 C:\xampp\htdocs\Emsystem\yii\framework\web\CController.php(265): SiteController->runActionWithFilters()
#7 C:\xampp\htdocs\Emsystem\yii\framework\web\CWebApplication.php(282): SiteController->run()
#8 C:\xampp\htdocs\Emsystem\yii\framework\web\CWebApplication.php(141): CWebApplication->runController()
#9 C:\xampp\htdocs\Emsystem\yii\framework\base\CApplication.php(184): CWebApplication->processRequest()
#10 C:\xampp\htdocs\Emsystem\ftrs\index.php(13): CWebApplication->run()
REQUEST_URI=/emsystem/ftrs/index.php?r=site/index
in C:\xampp\htdocs\Emsystem\ftrs\protected\views\site\index.php (5)
in C:\xampp\htdocs\Emsystem\ftrs\protected\controllers\SiteController.php (32)
in C:\xampp\htdocs\Emsystem\ftrs\index.php (13)
2015/10/02 11:17:34 [error] [php] Trying to get property of non-object (C:\xampp\htdocs\Emsystem\ftrs\protected\views\site\index.php:5)
Stack trace:
#0 C:\xampp\htdocs\Emsystem\yii\framework\web\CController.php(869): SiteController->renderFile()
#1 C:\xampp\htdocs\Emsystem\yii\framework\web\CController.php(782): SiteController->renderPartial()
#2 C:\xampp\htdocs\Emsystem\ftrs\protected\controllers\SiteController.php(32): SiteController->render()
#3 C:\xampp\htdocs\Emsystem\yii\framework\web\actions\CInlineAction.php(49): SiteController->actionIndex()
#4 C:\xampp\htdocs\Emsystem\yii\framework\web\CController.php(308): CInlineAction->runWithParams()
#5 C:\xampp\htdocs\Emsystem\yii\framework\web\CController.php(286): SiteController->runAction()
#6 C:\xampp\htdocs\Emsystem\yii\framework\web\CController.php(265): SiteController->runActionWithFilters()
#7 C:\xampp\htdocs\Emsystem\yii\framework\web\CWebApplication.php(282): SiteController->run()
#8 C:\xampp\htdocs\Emsystem\yii\framework\web\CWebApplication.php(141): CWebApplication->runController()
#9 C:\xampp\htdocs\Emsystem\yii\framework\base\CApplication.php(184): CWebApplication->processRequest()
#10 C:\xampp\htdocs\Emsystem\ftrs\index.php(13): CWebApplication->run()
REQUEST_URI=/emsystem/ftrs/index.php?r=site/index
in C:\xampp\htdocs\Emsystem\ftrs\protected\views\site\index.php (5)
in C:\xampp\htdocs\Emsystem\ftrs\protected\controllers\SiteController.php (32)
in C:\xampp\htdocs\Emsystem\ftrs\index.php (13)
2015/10/06 18:40:59 [error] [exception.CHttpException.404] exception 'CHttpException' with message 'Unable to resolve the request "customer/admin".' in C:\xampp\htdocs\Emsystem\yii\framework\web\CWebApplication.php:286
Stack trace:
#0 C:\xampp\htdocs\Emsystem\yii\framework\web\CWebApplication.php(141): CWebApplication->runController('customer/admin')
#1 C:\xampp\htdocs\Emsystem\yii\framework\base\CApplication.php(184): CWebApplication->processRequest()
#2 C:\xampp\htdocs\Emsystem\ftrs\index.php(13): CApplication->run()
#3 {main}
REQUEST_URI=/emsystem/ftrs/index.php?r=customer/admin
---
2015/10/31 11:18:17 [error] [exception.CDbException] exception 'CDbException' with message 'CDbConnection failed to open the DB connection: SQLSTATE[HY000] [1045] Access denied for user 'root'@'localhost' (using password: YES)' in C:\xampp\htdocs\emsystem\emsystem\framework\db\CDbConnection.php:399
Stack trace:
#0 C:\xampp\htdocs\emsystem\emsystem\framework\db\CDbConnection.php(347): CDbConnection->open()
#1 C:\xampp\htdocs\emsystem\emsystem\framework\db\CDbConnection.php(325): CDbConnection->setActive(true)
#2 C:\xampp\htdocs\emsystem\emsystem\framework\base\CModule.php(394): CDbConnection->init()
#3 C:\xampp\htdocs\emsystem\emsystem\framework\base\CModule.php(103): CModule->getComponent('db')
#4 C:\xampp\htdocs\emsystem\emsystem\framework\gii\generators\model\ModelCode.php(60): CModule->__get('db')
#5 C:\xampp\htdocs\emsystem\emsystem\framework\web\CFormModel.php(39): ModelCode->init()
#6 C:\xampp\htdocs\emsystem\emsystem\framework\gii\CCodeGenerator.php(153): CFormModel->__construct()
#7 C:\xampp\htdocs\emsystem\emsystem\framework\gii\CCodeGenerator.php(63): CCodeGenerator->prepare()
#8 C:\xampp\htdocs\emsystem\emsystem\framework\web\actions\CInlineAction.php(49): CCodeGenerator->actionIndex()
#9 C:\xampp\htdocs\emsystem\emsystem\framework\web\CController.php(308): CInlineAction->runWithParams(Array)
#10 C:\xampp\htdocs\emsystem\emsystem\framework\web\CController.php(286): CController->runAction(Object(CInlineAction))
#11 C:\xampp\htdocs\emsystem\emsystem\framework\web\CController.php(265): CController->runActionWithFilters(Object(CInlineAction), Array)
#12 C:\xampp\htdocs\emsystem\emsystem\framework\web\CWebApplication.php(282): CController->run('index')
#13 C:\xampp\htdocs\emsystem\emsystem\framework\web\CWebApplication.php(141): CWebApplication->runController('gii/model/index')
#14 C:\xampp\htdocs\emsystem\emsystem\framework\base\CApplication.php(184): CWebApplication->processRequest()
#15 C:\xampp\htdocs\emsystem\emsystem\index.php(13): CApplication->run()
#16 {main}
REQUEST_URI=/emsystem/emsystem/index.php?r=gii/model/index
HTTP_REFERER=http://localhost/emsystem/emsystem/index.php?r=gii/default/index
---
2015/11/10 14:01:19 [error] [exception.CException] exception 'CException' with message 'Property "Users.firstName" is not defined.' in C:\xampp\htdocs\emsystem\emsystem\framework\base\CComponent.php:130
Stack trace:
#0 C:\xampp\htdocs\emsystem\emsystem\framework\db\ar\CActiveRecord.php(145): CComponent->__get('firstName')
#1 C:\xampp\htdocs\emsystem\emsystem\protected\components\UserIdentity.php(30): CActiveRecord->__get('firstName')
#2 C:\xampp\htdocs\emsystem\emsystem\protected\models\LoginForm.php(52): UserIdentity->authenticate()
#3 C:\xampp\htdocs\emsystem\emsystem\framework\validators\CInlineValidator.php(42): LoginForm->authenticate('password', Array)
#4 C:\xampp\htdocs\emsystem\emsystem\framework\validators\CValidator.php(201): CInlineValidator->validateAttribute(Object(LoginForm), 'password')
#5 C:\xampp\htdocs\emsystem\emsystem\framework\base\CModel.php(159): CValidator->validate(Object(LoginForm), NULL)
#6 C:\xampp\htdocs\emsystem\emsystem\protected\controllers\SiteController.php(94): CModel->validate()
#7 C:\xampp\htdocs\emsystem\emsystem\framework\web\actions\CInlineAction.php(49): SiteController->actionLogin()
#8 C:\xampp\htdocs\emsystem\emsystem\framework\web\CController.php(308): CInlineAction->runWithParams(Array)
#9 C:\xampp\htdocs\emsystem\emsystem\framework\web\CController.php(286): CController->runAction(Object(CInlineAction))
#10 C:\xampp\htdocs\emsystem\emsystem\framework\web\CController.php(265): CController->runActionWithFilters(Object(CInlineAction), Array)
#11 C:\xampp\htdocs\emsystem\emsystem\framework\web\CWebApplication.php(282): CController->run('login')
#12 C:\xampp\htdocs\emsystem\emsystem\framework\web\CWebApplication.php(141): CWebApplication->runController('site/login')
#13 C:\xampp\htdocs\emsystem\emsystem\framework\base\CApplication.php(184): CWebApplication->processRequest()
#14 C:\xampp\htdocs\emsystem\emsystem\index.php(13): CApplication->run()
#15 {main}
REQUEST_URI=/emsystem/emsystem/index.php?r=site/login
HTTP_REFERER=http://localhost/emsystem/emsystem/index.php?r=site/login
---
2015/11/10 14:12:30 [error] [exception.CException] exception 'CException' with message 'Property "Profile.firstName" is not defined.' in C:\xampp\htdocs\emsystem\emsystem\framework\base\CComponent.php:130
Stack trace:
#0 C:\xampp\htdocs\emsystem\emsystem\framework\db\ar\CActiveRecord.php(145): CComponent->__get('firstName')
#1 C:\xampp\htdocs\emsystem\emsystem\protected\components\UserIdentity.php(30): CActiveRecord->__get('firstName')
#2 C:\xampp\htdocs\emsystem\emsystem\protected\models\LoginForm.php(52): UserIdentity->authenticate()
#3 C:\xampp\htdocs\emsystem\emsystem\framework\validators\CInlineValidator.php(42): LoginForm->authenticate('password', Array)
#4 C:\xampp\htdocs\emsystem\emsystem\framework\validators\CValidator.php(201): CInlineValidator->validateAttribute(Object(LoginForm), 'password')
#5 C:\xampp\htdocs\emsystem\emsystem\framework\base\CModel.php(159): CValidator->validate(Object(LoginForm), NULL)
#6 C:\xampp\htdocs\emsystem\emsystem\protected\controllers\SiteController.php(94): CModel->validate()
#7 C:\xampp\htdocs\emsystem\emsystem\framework\web\actions\CInlineAction.php(49): SiteController->actionLogin()
#8 C:\xampp\htdocs\emsystem\emsystem\framework\web\CController.php(308): CInlineAction->runWithParams(Array)
#9 C:\xampp\htdocs\emsystem\emsystem\framework\web\CController.php(286): CController->runAction(Object(CInlineAction))
#10 C:\xampp\htdocs\emsystem\emsystem\framework\web\CController.php(265): CController->runActionWithFilters(Object(CInlineAction), Array)
#11 C:\xampp\htdocs\emsystem\emsystem\framework\web\CWebApplication.php(282): CController->run('login')
#12 C:\xampp\htdocs\emsystem\emsystem\framework\web\CWebApplication.php(141): CWebApplication->runController('site/login')
#13 C:\xampp\htdocs\emsystem\emsystem\framework\base\CApplication.php(184): CWebApplication->processRequest()
#14 C:\xampp\htdocs\emsystem\emsystem\index.php(13): CApplication->run()
#15 {main}
REQUEST_URI=/emsystem/emsystem/index.php?r=site/login
HTTP_REFERER=http://localhost/emsystem/emsystem/index.php?r=site/login
---
